<?xml version="1.0" encoding="UTF-8"?>
<!-- Generated by org.testng.reporters.JUnitXMLReporter -->
<testsuite ignored="2" hostname="DESKTOP-19AF430" failures="0" tests="3" name="Default test" time="25.427" errors="0" timestamp="2023-11-29T09:44:27 IST">
  <testcase classname="com.tutorials.qa.testcases.HRMStest" name="homapagelogin" time="3.06"/>
  <testcase classname="com.tutorials.qa.testcases.HRMStest" name="homapagelogin" time="3.577"/>
  <testcase classname="com.tutorials.qa.testcases.HRMStest" name="homapagelogin" time="3.847"/>
  <testcase classname="com.tutorials.qa.testcases.HRMStest" name="logout" time="0.0">
    <ignored/>
  </testcase> <!-- logout -->
  <testcase classname="com.tutorials.qa.testcases.HRMStest" name="login" time="0.0">
    <ignored/>
  </testcase> <!-- login -->
</testsuite> <!-- Default test -->
