<?xml version="1.0" encoding="UTF-8"?>
<!-- Generated by org.testng.reporters.JUnitXMLReporter -->
<testsuite ignored="0" hostname="DESKTOP-19AF430" failures="0" tests="3" name="Default test" time="23.827" errors="0" timestamp="2023-10-26T07:51:35 IST">
  <testcase classname="com.tutorials.qa.testcases.Search" name="verifywithinvalidproduct" time="1.081"/>
  <testcase classname="com.tutorials.qa.testcases.Search" name="verifywithoutnameproduct" time="1.255"/>
  <testcase classname="com.tutorials.qa.testcases.Search" name="verifywithvalidproduct" time="0.844"/>
</testsuite> <!-- Default test -->
