<?xml version="1.0" encoding="UTF-8"?>
<!-- Generated by org.testng.reporters.JUnitXMLReporter -->
<testsuite ignored="0" hostname="DESKTOP-19AF430" failures="0" tests="4" name="testing basicfunctional" time="0.135" errors="0" timestamp="2023-12-19T07:52:19 IST">
  <testcase classname="experiments.testngpriority" name="a" time="0.013"/>
  <testcase classname="experiments.testngpriority" name="b" time="0.004"/>
  <testcase classname="experiments.testngpriority" name="c" time="0.011"/>
  <testcase classname="experiments.testngpriority" name="d" time="0.008"/>
</testsuite> <!-- testing basicfunctional -->
