<?xml version="1.0" encoding="UTF-8"?>
<!-- Generated by org.testng.reporters.JUnitXMLReporter -->
<testsuite ignored="0" hostname="DESKTOP-19AF430" failures="0" tests="10" name="testing basicfunctional" time="77.951" errors="0" timestamp="2023-10-24T12:09:01 IST">
  <testcase classname="com.tutorials.qa.testcases.Register" name="verifyprovingallfeilds" time="2.474"/>
  <testcase classname="com.tutorials.qa.testcases.Register" name="verifyregisterwithexistingemail" time="1.902"/>
  <testcase classname="com.tutorials.qa.testcases.Register" name="verifywithonlymantodoryfileds" time="2.475"/>
  <testcase classname="com.tutorials.qa.testcases.Login" name="Verifywithvalidemailandinvalidpassword" time="1.062"/>
  <testcase classname="com.tutorials.qa.testcases.Login" name="verfiyloginwithvaliddata" time="2.254"/>
  <testcase classname="com.tutorials.qa.testcases.Login" name="verifyloginwithinvaliddata" time="1.112"/>
  <testcase classname="com.tutorials.qa.testcases.Login" name="verifywithoutdata" time="0.994"/>
  <testcase classname="com.tutorials.qa.testcases.Search" name="verifywithinvalidproduct" time="0.857"/>
  <testcase classname="com.tutorials.qa.testcases.Search" name="verifywithoutnameproduct" time="0.811"/>
  <testcase classname="com.tutorials.qa.testcases.Search" name="verifywithvalidproduct" time="0.984"/>
</testsuite> <!-- testing basicfunctional -->
