<?xml version="1.0" encoding="UTF-8"?>
<testng-results ignored="0" total="9" passed="9" failed="0" skipped="0">
  <reporter-output>
  </reporter-output>
  <suite started-at="2023-12-08T09:49:48 IST" name="Default suite" finished-at="2023-12-08T09:49:49 IST" duration-ms="207">
    <groups>
    </groups>
    <test started-at="2023-12-08T09:49:48 IST" name="Default test" finished-at="2023-12-08T09:49:49 IST" duration-ms="207">
      <class name="experiments.dataProviderExample">
        <test-method signature="test1(java.lang.String)[pri:0, instance:experiments.dataProviderExample@16293aa2]" started-at="2023-12-08T09:49:49 IST" name="test1" data-provider="test-data" finished-at="2023-12-08T09:49:49 IST" duration-ms="15" status="PASS">
          <params>
            <param index="0">
              <value>
                <![CDATA[anil]]>
              </value>
            </param>
          </params>
          <reporter-output>
          </reporter-output>
        </test-method> <!-- test1 -->
        <test-method signature="test1(java.lang.String)[pri:0, instance:experiments.dataProviderExample@16293aa2]" started-at="2023-12-08T09:49:49 IST" name="test1" data-provider="test-data" finished-at="2023-12-08T09:49:49 IST" duration-ms="4" status="PASS">
          <params>
            <param index="0">
              <value>
                <![CDATA[kumar]]>
              </value>
            </param>
          </params>
          <reporter-output>
          </reporter-output>
        </test-method> <!-- test1 -->
        <test-method signature="test1(java.lang.String)[pri:0, instance:experiments.dataProviderExample@16293aa2]" started-at="2023-12-08T09:49:49 IST" name="test1" data-provider="test-data" finished-at="2023-12-08T09:49:49 IST" duration-ms="2" status="PASS">
          <params>
            <param index="0">
              <value>
                <![CDATA[chowdary]]>
              </value>
            </param>
          </params>
          <reporter-output>
          </reporter-output>
        </test-method> <!-- test1 -->
        <test-method signature="test1(java.lang.String)[pri:0, instance:experiments.dataProviderExample@16293aa2]" started-at="2023-12-08T09:49:49 IST" name="test1" data-provider="test-data" finished-at="2023-12-08T09:49:49 IST" duration-ms="4" status="PASS">
          <params>
            <param index="0">
              <value>
                <![CDATA[anil]]>
              </value>
            </param>
          </params>
          <reporter-output>
          </reporter-output>
        </test-method> <!-- test1 -->
        <test-method signature="test1(java.lang.String)[pri:0, instance:experiments.dataProviderExample@16293aa2]" started-at="2023-12-08T09:49:49 IST" name="test1" data-provider="test-data" finished-at="2023-12-08T09:49:49 IST" duration-ms="6" status="PASS">
          <params>
            <param index="0">
              <value>
                <![CDATA[kumar]]>
              </value>
            </param>
          </params>
          <reporter-output>
          </reporter-output>
        </test-method> <!-- test1 -->
        <test-method signature="test1(java.lang.String)[pri:0, instance:experiments.dataProviderExample@16293aa2]" started-at="2023-12-08T09:49:49 IST" name="test1" data-provider="test-data" finished-at="2023-12-08T09:49:49 IST" duration-ms="9" status="PASS">
          <params>
            <param index="0">
              <value>
                <![CDATA[chowdary]]>
              </value>
            </param>
          </params>
          <reporter-output>
          </reporter-output>
        </test-method> <!-- test1 -->
        <test-method signature="test1(java.lang.String)[pri:0, instance:experiments.dataProviderExample@16293aa2]" started-at="2023-12-08T09:49:49 IST" name="test1" data-provider="test-data" finished-at="2023-12-08T09:49:49 IST" duration-ms="6" status="PASS">
          <params>
            <param index="0">
              <value>
                <![CDATA[anil]]>
              </value>
            </param>
          </params>
          <reporter-output>
          </reporter-output>
        </test-method> <!-- test1 -->
        <test-method signature="test1(java.lang.String)[pri:0, instance:experiments.dataProviderExample@16293aa2]" started-at="2023-12-08T09:49:49 IST" name="test1" data-provider="test-data" finished-at="2023-12-08T09:49:49 IST" duration-ms="7" status="PASS">
          <params>
            <param index="0">
              <value>
                <![CDATA[kumar]]>
              </value>
            </param>
          </params>
          <reporter-output>
          </reporter-output>
        </test-method> <!-- test1 -->
        <test-method signature="test1(java.lang.String)[pri:0, instance:experiments.dataProviderExample@16293aa2]" started-at="2023-12-08T09:49:49 IST" name="test1" data-provider="test-data" finished-at="2023-12-08T09:49:49 IST" duration-ms="3" status="PASS">
          <params>
            <param index="0">
              <value>
                <![CDATA[chowdary]]>
              </value>
            </param>
          </params>
          <reporter-output>
          </reporter-output>
        </test-method> <!-- test1 -->
      </class> <!-- experiments.dataProviderExample -->
    </test> <!-- Default test -->
  </suite> <!-- Default suite -->
</testng-results>
