<?xml version="1.0" encoding="UTF-8"?>
<testng-results ignored="2" total="5" passed="3" failed="0" skipped="0">
  <reporter-output>
  </reporter-output>
  <suite started-at="2023-11-29T09:44:01 IST" name="Default suite" finished-at="2023-11-29T09:44:27 IST" duration-ms="25427">
    <groups>
    </groups>
    <test started-at="2023-11-29T09:44:01 IST" name="Default test" finished-at="2023-11-29T09:44:27 IST" duration-ms="25427">
      <class name="com.tutorials.qa.testcases.HRMStest">
        <test-method is-config="true" signature="setup()[pri:0, instance:com.tutorials.qa.testcases.HRMStest@2b662a77]" started-at="2023-11-29T09:44:02 IST" name="setup" finished-at="2023-11-29T09:44:08 IST" duration-ms="5467" status="PASS">
          <reporter-output>
          </reporter-output>
        </test-method> <!-- setup -->
        <test-method signature="homapagelogin(java.lang.String,java.lang.String)[pri:0, instance:com.tutorials.qa.testcases.HRMStest@2b662a77]" started-at="2023-11-29T09:44:08 IST" name="homapagelogin" data-provider="fromexcelsheet" finished-at="2023-11-29T09:44:11 IST" duration-ms="3060" status="PASS">
          <params>
            <param index="0">
              <value>
                <![CDATA[anilkumar5.marolix@gmail.com]]>
              </value>
            </param>
            <param index="1">
              <value>
                <![CDATA[Anilkumar@5]]>
              </value>
            </param>
          </params>
          <reporter-output>
          </reporter-output>
        </test-method> <!-- homapagelogin -->
        <test-method is-config="true" signature="teardown()[pri:0, instance:com.tutorials.qa.testcases.HRMStest@2b662a77]" started-at="2023-11-29T09:44:11 IST" name="teardown" finished-at="2023-11-29T09:44:11 IST" duration-ms="276" status="PASS">
          <reporter-output>
          </reporter-output>
        </test-method> <!-- teardown -->
        <test-method is-config="true" signature="setup()[pri:0, instance:com.tutorials.qa.testcases.HRMStest@2b662a77]" started-at="2023-11-29T09:44:11 IST" name="setup" finished-at="2023-11-29T09:44:15 IST" duration-ms="3986" status="PASS">
          <reporter-output>
          </reporter-output>
        </test-method> <!-- setup -->
        <test-method signature="homapagelogin(java.lang.String,java.lang.String)[pri:0, instance:com.tutorials.qa.testcases.HRMStest@2b662a77]" started-at="2023-11-29T09:44:15 IST" name="homapagelogin" data-provider="fromexcelsheet" finished-at="2023-11-29T09:44:19 IST" duration-ms="3577" status="PASS">
          <params>
            <param index="0">
              <value>
                <![CDATA[anilkumar5.marolix@gmail.com]]>
              </value>
            </param>
            <param index="1">
              <value>
                <![CDATA[Anilkumar@5]]>
              </value>
            </param>
          </params>
          <reporter-output>
          </reporter-output>
        </test-method> <!-- homapagelogin -->
        <test-method is-config="true" signature="teardown()[pri:0, instance:com.tutorials.qa.testcases.HRMStest@2b662a77]" started-at="2023-11-29T09:44:19 IST" name="teardown" finished-at="2023-11-29T09:44:19 IST" duration-ms="234" status="PASS">
          <reporter-output>
          </reporter-output>
        </test-method> <!-- teardown -->
        <test-method is-config="true" signature="setup()[pri:0, instance:com.tutorials.qa.testcases.HRMStest@2b662a77]" started-at="2023-11-29T09:44:19 IST" name="setup" finished-at="2023-11-29T09:44:23 IST" duration-ms="3480" status="PASS">
          <reporter-output>
          </reporter-output>
        </test-method> <!-- setup -->
        <test-method signature="homapagelogin(java.lang.String,java.lang.String)[pri:0, instance:com.tutorials.qa.testcases.HRMStest@2b662a77]" started-at="2023-11-29T09:44:23 IST" name="homapagelogin" data-provider="fromexcelsheet" finished-at="2023-11-29T09:44:26 IST" duration-ms="3847" status="PASS">
          <params>
            <param index="0">
              <value>
                <![CDATA[anilkumar5.marolix@gmail.com]]>
              </value>
            </param>
            <param index="1">
              <value>
                <![CDATA[Anilkumar@5]]>
              </value>
            </param>
          </params>
          <reporter-output>
          </reporter-output>
        </test-method> <!-- homapagelogin -->
        <test-method is-config="true" signature="teardown()[pri:0, instance:com.tutorials.qa.testcases.HRMStest@2b662a77]" started-at="2023-11-29T09:44:26 IST" name="teardown" finished-at="2023-11-29T09:44:27 IST" duration-ms="283" status="PASS">
          <reporter-output>
          </reporter-output>
        </test-method> <!-- teardown -->
      </class> <!-- com.tutorials.qa.testcases.HRMStest -->
    </test> <!-- Default test -->
  </suite> <!-- Default suite -->
</testng-results>
